#
# A fatal error has been detected by the Java Runtime Environment:
#
#  SIGSEGV (0xb) at pc=0x0000003400000034, pid=3963, tid=0x00007f01dd719700
#
# JRE version:  (8.0_76-b03) (build )
# Java VM: OpenJDK 64-Bit Server VM (25.76-b03 mixed mode linux-amd64 compressed oops)
# Problematic frame:
# C  0x0000003400000034
#
# Failed to write core dump. Core dumps have been disabled. To enable core dumping, try "ulimit -c unlimited" before starting Java again
#
# If you would like to submit a bug report, please visit:
#   http://bugreport.java.com/bugreport/crash.jsp
#

---------------  T H R E A D  ---------------

Current thread (0x00007f01d4009800):  JavaThread "Unknown thread" [_thread_in_vm, id=3965, stack(0x00007f01dd619000,0x00007f01dd71a000)]

siginfo: si_signo: 11 (SIGSEGV), si_code: 1 (SEGV_MAPERR), si_addr: 0x0000003400000034

Registers:
RAX=0x00007f01d4007090, RBX=0x00007f01dc05276f, RCX=0x0000000000000002, RDX=0x0000000000000003
RSP=0x00007f01dd717920, RBP=0x00007f01d4009800, RSI=0x00007f01d4007030, RDI=0xfffffffffffffff8
R8 =0xfffffffffffffff8, R9 =0x0000000000000003, R10=0x0000000000000002, R11=0x0000000000000010
R12=0x0000000000000601, R13=0x00007f01dd566130, R14=0x00000007c0000ea8, R15=0x00007f0100000000
RIP=0x0000003400000034, EFLAGS=0x0000000000010206, CSGSFS=0xffff000000000033, ERR=0x0000000000000014
  TRAPNO=0x000000000000000e

Top of Stack: (sp=0x00007f01dd717920)
0x00007f01dd717920:   00007f01dd717a40 0000000000000008
0x00007f01dd717930:   0000000000000000 00007f01dd717b00
0x00007f01dd717940:   00007f0100000034 00007f0100000000
0x00007f01dd717950:   00007f01dd717a80 0000060100000034
0x00007f01dd717960:   00007f01d894c130 00007f0100000000
0x00007f01dd717970:   00000007c0000ea8 0000000000000000
0x00007f01dd717980:   0000000000010960 00007f01dd717b40
0x00007f01dd717990:   00007f01dd717a50 00007f01d4014228
0x00007f01dd7179a0:   00007f01d400c570 0000003400000001
0x00007f01dd7179b0:   0000000000000000 00007f0100000000
0x00007f01dd7179c0:   00000007c0001a48 00007f01d400c240
0x00007f01dd7179d0:   00007f01dd717a01 00007f01da896879
0x00007f01dd7179e0:   00007f01d400c300 0000002a00000018
0x00007f01dd7179f0:   00007f01dd717a00 00007f01d4048220
0x00007f01dd717a00:   00007f01dd710000 00007f01dd717a60
0x00007f01dd717a10:   00007f0100000000 c054790875a69e00
0x00007f01dd717a20:   00007f0100000005 00000007dc4fc089
0x00007f01dd717a30:   0000000000000000 00007f01d4048220
0x00007f01dd717a40:   0000000000000002 00007f01d4009800
0x00007f01dd717a50:   00007f01d894b4d0 00007f01d4009800
0x00007f01dd717a60:   0000000000000000 0000000000000000
0x00007f01dd717a70:   0000000000000000 0000000000000000
0x00007f01dd717a80:   0000001400000007 0000000000000000
0x00007f01dd717a90:   6e616c2f00000007 00007f01d400c570
0x00007f01dd717aa0:   00007f01d400c6b0 00007f01d400c6c0
0x00007f01dd717ab0:   0000000000000000 0000000000000002
0x00007f01dd717ac0:   00007f0000000000 00007f01dd566130
0x00007f01dd717ad0:   00007f01dd717bc0 00007f01dc15a1cd
0x00007f01dd717ae0:   0000000000000000 0000003000000018
0x00007f01dd717af0:   00007f01dd717bd0 00007f01dd717b00
0x00007f01dd717b00:   00007f01d4009800 00007f01d40070d0
0x00007f01dd717b10:   00007f01d4007110 00007f01d4007140 

Instructions: (pc=0x0000003400000034)
0x0000003400000014:   
[error occurred during error reporting (printing registers, top of stack, instructions near pc), id 0xb]

Stack: [0x00007f01dd619000,0x00007f01dd71a000],  sp=0x00007f01dd717920,  free space=1018k
Native frames: (J=compiled Java code, j=interpreted, Vv=VM code, C=native code)
C  0x0000003400000034


---------------  P R O C E S S  ---------------

Java Threads: ( => current thread )

Other Threads:

=>0x00007f01d4009800 (exited) JavaThread "Unknown thread" [_thread_in_vm, id=3965, stack(0x00007f01dd619000,0x00007f01dd71a000)]

VM state:not at safepoint (not fully initialized)

VM Mutex/Monitor currently owned by a thread: None

GC Heap History (0 events):
No events

Deoptimization events (0 events):
No events

Internal exceptions (0 events):
No events

Events (10 events):
Event: 0.007 loading class java/io/Serializable done
Event: 0.007 loading class java/lang/Comparable
Event: 0.007 loading class java/lang/Comparable done
Event: 0.007 loading class java/lang/CharSequence
Event: 0.007 loading class java/lang/CharSequence done
Event: 0.007 loading class java/lang/String done
Event: 0.007 loading class java/lang/Class
Event: 0.007 loading class java/lang/reflect/GenericDeclaration
Event: 0.007 loading class java/lang/reflect/AnnotatedElement
Event: 0.007 loading class java/lang/reflect/AnnotatedElement done


Dynamic libraries:
00400000-00401000 r-xp 00000000 08:03 8921198                            /home/pratibha/studio2/android-studio/jre/bin/java
00600000-00601000 r--p 00000000 08:03 8921198                            /home/pratibha/studio2/android-studio/jre/bin/java
00601000-00602000 rw-p 00001000 08:03 8921198                            /home/pratibha/studio2/android-studio/jre/bin/java
01675000-01696000 rw-p 00000000 00:00 0                                  [heap]
706200000-70de00000 rw-p 00000000 00:00 0 
70de00000-782100000 ---p 00000000 00:00 0 
782100000-785f00000 rw-p 00000000 00:00 0 
785f00000-7c0000000 ---p 00000000 00:00 0 
7c0000000-7c0060000 rw-p 00000000 00:00 0 
7c0060000-800000000 ---p 00000000 00:00 0 
7f01b0000000-7f01b0021000 rw-p 00000000 00:00 0 
7f01b0021000-7f01b4000000 ---p 00000000 00:00 0 
7f01b4000000-7f01b4021000 rw-p 00000000 00:00 0 
7f01b4021000-7f01b8000000 ---p 00000000 00:00 0 
7f01b8000000-7f01b8021000 rw-p 00000000 00:00 0 
7f01b8021000-7f01bc000000 ---p 00000000 00:00 0 
7f01bf310000-7f01c5000000 rw-p 00000000 00:00 0 
7f01c5000000-7f01c5270000 rwxp 00000000 00:00 0 
7f01c5270000-7f01d4000000 ---p 00000000 00:00 0 
7f01d4000000-7f01d405a000 rw-p 00000000 00:00 0 
7f01d405a000-7f01d8000000 ---p 00000000 00:00 0 
7f01d86b1000-7f01d86fe000 rw-p 00000000 00:00 0 
7f01d86fe000-7f01d88cb000 r--s 03bec000 08:03 8921230                    /home/pratibha/studio2/android-studio/jre/jre/lib/rt.jar
7f01d88cb000-7f01d8d41000 rw-p 00000000 00:00 0 
7f01d8d41000-7f01d9141000 ---p 00000000 00:00 0 
7f01d9141000-7f01d9710000 rw-p 00000000 00:00 0 
7f01d9710000-7f01d9711000 ---p 00000000 00:00 0 
7f01d9711000-7f01d9811000 rw-p 00000000 00:00 0 
7f01d9811000-7f01d9812000 ---p 00000000 00:00 0 
7f01d9812000-7f01d9912000 rw-p 00000000 00:00 0 
7f01d9912000-7f01d9913000 ---p 00000000 00:00 0 
7f01d9913000-7f01d9a13000 rw-p 00000000 00:00 0 
7f01d9a13000-7f01d9a14000 ---p 00000000 00:00 0 
7f01d9a14000-7f01d9b52000 rw-p 00000000 00:00 0 
7f01d9b52000-7f01d9ef4000 ---p 00000000 00:00 0 
7f01d9ef4000-7f01d9f32000 rw-p 00000000 00:00 0 
7f01d9f32000-7f01da2d3000 ---p 00000000 00:00 0 
7f01da2d3000-7f01da2f3000 rw-p 00000000 00:00 0 
7f01da2f3000-7f01da4c3000 ---p 00000000 00:00 0 
7f01da4c3000-7f01da4ce000 rw-p 00000000 00:00 0 
7f01da4ce000-7f01da884000 ---p 00000000 00:00 0 
7f01da884000-7f01da89e000 r-xp 00000000 08:03 8921290                    /home/pratibha/studio2/android-studio/jre/jre/lib/amd64/libzip.so
7f01da89e000-7f01daa9e000 ---p 0001a000 08:03 8921290                    /home/pratibha/studio2/android-studio/jre/jre/lib/amd64/libzip.so
7f01daa9e000-7f01daa9f000 r--p 0001a000 08:03 8921290                    /home/pratibha/studio2/android-studio/jre/jre/lib/amd64/libzip.so
7f01daa9f000-7f01daaa0000 rw-p 0001b000 08:03 8921290                    /home/pratibha/studio2/android-studio/jre/jre/lib/amd64/libzip.so
7f01daaa0000-7f01daaaa000 r-xp 00000000 08:03 4470489                    /lib/x86_64-linux-gnu/libnss_files-2.19.so
7f01daaaa000-7f01daca9000 ---p 0000a000 08:03 4470489                    /lib/x86_64-linux-gnu/libnss_files-2.19.so
7f01daca9000-7f01dacaa000 r--p 00009000 08:03 4470489                    /lib/x86_64-linux-gnu/libnss_files-2.19.so
7f01dacaa000-7f01dacab000 rw-p 0000a000 08:03 4470489                    /lib/x86_64-linux-gnu/libnss_files-2.19.so
7f01dacab000-7f01dacb6000 r-xp 00000000 08:03 4470504                    /lib/x86_64-linux-gnu/libnss_nis-2.19.so
7f01dacb6000-7f01daeb5000 ---p 0000b000 08:03 4470504                    /lib/x86_64-linux-gnu/libnss_nis-2.19.so
7f01daeb5000-7f01daeb6000 r--p 0000a000 08:03 4470504                    /lib/x86_64-linux-gnu/libnss_nis-2.19.so
7f01daeb6000-7f01daeb7000 rw-p 0000b000 08:03 4470504                    /lib/x86_64-linux-gnu/libnss_nis-2.19.so
7f01daeb7000-7f01daece000 r-xp 00000000 08:03 4460458                    /lib/x86_64-linux-gnu/libnsl-2.19.so
7f01daece000-7f01db0cd000 ---p 00017000 08:03 4460458                    /lib/x86_64-linux-gnu/libnsl-2.19.so
7f01db0cd000-7f01db0ce000 r--p 00016000 08:03 4460458                    /lib/x86_64-linux-gnu/libnsl-2.19.so
7f01db0ce000-7f01db0cf000 rw-p 00017000 08:03 4460458                    /lib/x86_64-linux-gnu/libnsl-2.19.so
7f01db0cf000-7f01db0d1000 rw-p 00000000 00:00 0 
7f01db0d1000-7f01db0da000 r-xp 00000000 08:03 4470502                    /lib/x86_64-linux-gnu/libnss_compat-2.19.so
7f01db0da000-7f01db2d9000 ---p 00009000 08:03 4470502                    /lib/x86_64-linux-gnu/libnss_compat-2.19.so
7f01db2d9000-7f01db2da000 r--p 00008000 08:03 4470502                    /lib/x86_64-linux-gnu/libnss_compat-2.19.so
7f01db2da000-7f01db2db000 rw-p 00009000 08:03 4470502                    /lib/x86_64-linux-gnu/libnss_compat-2.19.so
7f01db2db000-7f01db308000 r-xp 00000000 08:03 8921300                    /home/pratibha/studio2/android-studio/jre/jre/lib/amd64/libjava.so
7f01db308000-7f01db507000 ---p 0002d000 08:03 8921300                    /home/pratibha/studio2/android-studio/jre/jre/lib/amd64/libjava.so
7f01db507000-7f01db508000 r--p 0002c000 08:03 8921300                    /home/pratibha/studio2/android-studio/jre/jre/lib/amd64/libjava.so
7f01db508000-7f01db50a000 rw-p 0002d000 08:03 8921300                    /home/pratibha/studio2/android-studio/jre/jre/lib/amd64/libjava.so
7f01db50a000-7f01db51a000 r-xp 00000000 08:03 8921316                    /home/pratibha/studio2/android-studio/jre/jre/lib/amd64/libverify.so
7f01db51a000-7f01db719000 ---p 00010000 08:03 8921316                    /home/pratibha/studio2/android-studio/jre/jre/lib/amd64/libverify.so
7f01db719000-7f01db71b000 r--p 0000f000 08:03 8921316                    /home/pratibha/studio2/android-studio/jre/jre/lib/amd64/libverify.so
7f01db71b000-7f01db71c000 rw-p 00011000 08:03 8921316                    /home/pratibha/studio2/android-studio/jre/jre/lib/amd64/libverify.so
7f01db71c000-7f01db723000 r-xp 00000000 08:03 4470497                    /lib/x86_64-linux-gnu/librt-2.19.so
7f01db723000-7f01db922000 ---p 00007000 08:03 4470497                    /lib/x86_64-linux-gnu/librt-2.19.so
7f01db922000-7f01db923000 r--p 00006000 08:03 4470497                    /lib/x86_64-linux-gnu/librt-2.19.so
7f01db923000-7f01db924000 rw-p 00007000 08:03 4470497                    /lib/x86_64-linux-gnu/librt-2.19.so
7f01db924000-7f01dba29000 r-xp 00000000 08:03 4470491                    /lib/x86_64-linux-gnu/libm-2.19.so
7f01dba29000-7f01dbc28000 ---p 00105000 08:03 4470491                    /lib/x86_64-linux-gnu/libm-2.19.so
7f01dbc28000-7f01dbc29000 r--p 00104000 08:03 4470491                    /lib/x86_64-linux-gnu/libm-2.19.so
7f01dbc29000-7f01dbc2a000 rw-p 00105000 08:03 4470491                    /lib/x86_64-linux-gnu/libm-2.19.so
7f01dbc2a000-7f01dc810000 r-xp 00000000 08:03 8921321                    /home/pratibha/studio2/android-studio/jre/jre/lib/amd64/server/libjvm.so
7f01dc810000-7f01dca10000 ---p 00be6000 08:03 8921321                    /home/pratibha/studio2/android-studio/jre/jre/lib/amd64/server/libjvm.so
7f01dca10000-7f01dcaaf000 r--p 00be6000 08:03 8921321                    /home/pratibha/studio2/android-studio/jre/jre/lib/amd64/server/libjvm.so
7f01dcaaf000-7f01dcad8000 rw-p 00c85000 08:03 8921321                    /home/pratibha/studio2/android-studio/jre/jre/lib/amd64/server/libjvm.so
7f01dcad8000-7f01dcb1a000 rw-p 00000000 00:00 0 
7f01dcb1a000-7f01dcb33000 r-xp 00000000 08:03 4470493                    /lib/x86_64-linux-gnu/libpthread-2.19.so
7f01dcb33000-7f01dcd32000 ---p 00019000 08:03 4470493                    /lib/x86_64-linux-gnu/libpthread-2.19.so
7f01dcd32000-7f01dcd33000 r--p 00018000 08:03 4470493                    /lib/x86_64-linux-gnu/libpthread-2.19.so
7f01dcd33000-7f01dcd34000 rw-p 00019000 08:03 4470493                    /lib/x86_64-linux-gnu/libpthread-2.19.so
7f01dcd34000-7f01dcd38000 rw-p 00000000 00:00 0 
7f01dcd38000-7f01dcd3b000 r-xp 00000000 08:03 4470496                    /lib/x86_64-linux-gnu/libdl-2.19.so
7f01dcd3b000-7f01dcf3a000 ---p 00003000 08:03 4470496                    /lib/x86_64-linux-gnu/libdl-2.19.so
7f01dcf3a000-7f01dcf3b000 r--p 00002000 08:03 4470496                    /lib/x86_64-linux-gnu/libdl-2.19.so
7f01dcf3b000-7f01dcf3c000 rw-p 00003000 08:03 4470496                    /lib/x86_64-linux-gnu/libdl-2.19.so
7f01dcf3c000-7f01dd0fa000 r-xp 00000000 08:03 4470492                    /lib/x86_64-linux-gnu/libc-2.19.so
7f01dd0fa000-7f01dd2fa000 ---p 001be000 08:03 4470492                    /lib/x86_64-linux-gnu/libc-2.19.so
7f01dd2fa000-7f01dd2fe000 r--p 001be000 08:03 4470492                    /lib/x86_64-linux-gnu/libc-2.19.so
7f01dd2fe000-7f01dd300000 rw-p 001c2000 08:03 4470492                    /lib/x86_64-linux-gnu/libc-2.19.so
7f01dd300000-7f01dd305000 rw-p 00000000 00:00 0 
7f01dd305000-7f01dd31b000 r-xp 00000000 08:03 8921174                    /home/pratibha/studio2/android-studio/jre/lib/amd64/jli/libjli.so
7f01dd31b000-7f01dd51a000 ---p 00016000 08:03 8921174                    /home/pratibha/studio2/android-studio/jre/lib/amd64/jli/libjli.so
7f01dd51a000-7f01dd51b000 r--p 00015000 08:03 8921174                    /home/pratibha/studio2/android-studio/jre/lib/amd64/jli/libjli.so
7f01dd51b000-7f01dd51c000 rw-p 00016000 08:03 8921174                    /home/pratibha/studio2/android-studio/jre/lib/amd64/jli/libjli.so
7f01dd51c000-7f01dd53f000 r-xp 00000000 08:03 4470500                    /lib/x86_64-linux-gnu/ld-2.19.so
7f01dd55b000-7f01dd619000 rw-p 00000000 00:00 0 
7f01dd619000-7f01dd61c000 ---p 00000000 00:00 0 
7f01dd61c000-7f01dd71e000 rw-p 00000000 00:00 0 
7f01dd732000-7f01dd73a000 rw-s 00000000 08:03 1049047                    /tmp/hsperfdata_pratibha/3963
7f01dd73a000-7f01dd73b000 rw-p 00000000 00:00 0 
7f01dd73b000-7f01dd73c000 r--p 00000000 00:00 0 
7f01dd73c000-7f01dd73e000 rw-p 00000000 00:00 0 
7f01dd73e000-7f01dd73f000 r--p 00022000 08:03 4470500                    /lib/x86_64-linux-gnu/ld-2.19.so
7f01dd73f000-7f01dd740000 rw-p 00023000 08:03 4470500                    /lib/x86_64-linux-gnu/ld-2.19.so
7f01dd740000-7f01dd741000 rw-p 00000000 00:00 0 
7ffd2c8d9000-7ffd2c8fa000 rw-p 00000000 00:00 0                          [stack]
7ffd2c93d000-7ffd2c93f000 r--p 00000000 00:00 0                          [vvar]
7ffd2c93f000-7ffd2c941000 r-xp 00000000 00:00 0                          [vdso]
ffffffffff600000-ffffffffff601000 r-xp 00000000 00:00 0                  [vsyscall]

VM Arguments:
java_command: <unknown>
java_class_path (initial): .
Launcher Type: SUN_STANDARD

Environment Variables:
JAVA_HOME=/usr/lib/jvm/java-8-oracle
PATH=/home/pratibha/bin:/usr/local/sbin:/usr/local/bin:/usr/sbin:/usr/bin:/sbin:/bin:/usr/games:/usr/local/games:/usr/lib/jvm/java-8-oracle/bin:/usr/lib/jvm/java-8-oracle/db/bin:/usr/lib/jvm/java-8-oracle/jre/bin
LD_LIBRARY_PATH=.:
SHELL=/bin/bash
DISPLAY=:0

Signal Handlers:
SIGSEGV: [libjvm.so+0x9daac0], sa_mask[0]=11111111011111111101111111111110, sa_flags=SA_RESTART|SA_SIGINFO
SIGBUS: [libjvm.so+0x9daac0], sa_mask[0]=11111111011111111101111111111110, sa_flags=SA_RESTART|SA_SIGINFO
SIGFPE: [libjvm.so+0x840d90], sa_mask[0]=11111111011111111101111111111110, sa_flags=SA_RESTART|SA_SIGINFO
SIGPIPE: [libjvm.so+0x840d90], sa_mask[0]=11111111011111111101111111111110, sa_flags=SA_RESTART|SA_SIGINFO
SIGXFSZ: [libjvm.so+0x840d90], sa_mask[0]=11111111011111111101111111111110, sa_flags=SA_RESTART|SA_SIGINFO
SIGILL: [libjvm.so+0x840d90], sa_mask[0]=11111111011111111101111111111110, sa_flags=SA_RESTART|SA_SIGINFO
SIGUSR1: SIG_DFL, sa_mask[0]=00000000000000000000000000000000, sa_flags=none
SIGUSR2: [libjvm.so+0x840c60], sa_mask[0]=00100000000000000000000000000000, sa_flags=SA_RESTART|SA_SIGINFO
SIGHUP: SIG_DFL, sa_mask[0]=00000000000000000000000000000000, sa_flags=none
SIGINT: SIG_DFL, sa_mask[0]=00000000000000000000000000000000, sa_flags=none
SIGTERM: SIG_DFL, sa_mask[0]=00000000000000000000000000000000, sa_flags=none
SIGQUIT: SIG_DFL, sa_mask[0]=00000000000000000000000000000000, sa_flags=none


---------------  S Y S T E M  ---------------

OS:DISTRIB_ID=Ubuntu
DISTRIB_RELEASE=14.04
DISTRIB_CODENAME=trusty
DISTRIB_DESCRIPTION="Ubuntu 14.04.5 LTS"

uname:Linux 4.4.0-98-generic #121~14.04.1-Ubuntu SMP Wed Oct 11 11:54:55 UTC 2017 x86_64
libc:glibc 2.19 NPTL 2.19 
rlimit: STACK 8192k, CORE 0k, NPROC 47465, NOFILE 4096, AS infinity
load average:6.60 5.55 2.53

/proc/meminfo:
MemTotal:       12176732 kB
MemFree:         5105680 kB
MemAvailable:    7327692 kB
Buffers:          158156 kB
Cached:          3257228 kB
SwapCached:            0 kB
Active:          4175180 kB
Inactive:        2611496 kB
Active(anon):    3377216 kB
Inactive(anon):  1011568 kB
Active(file):     797964 kB
Inactive(file):  1599928 kB
Unevictable:         256 kB
Mlocked:             256 kB
SwapTotal:      19530748 kB
SwapFree:       19530748 kB
Dirty:              1712 kB
Writeback:             0 kB
AnonPages:       3372108 kB
Mapped:           693036 kB
Shmem:           1016944 kB
Slab:             156128 kB
SReclaimable:     119448 kB
SUnreclaim:        36680 kB
KernelStack:       10160 kB
PageTables:        40052 kB
NFS_Unstable:          0 kB
Bounce:                0 kB
WritebackTmp:          0 kB
CommitLimit:    25619112 kB
Committed_AS:    8725724 kB
VmallocTotal:   34359738367 kB
VmallocUsed:           0 kB
VmallocChunk:          0 kB
HardwareCorrupted:     0 kB
AnonHugePages:   2140160 kB
CmaTotal:              0 kB
CmaFree:               0 kB
HugePages_Total:       0
HugePages_Free:        0
HugePages_Rsvd:        0
HugePages_Surp:        0
Hugepagesize:       2048 kB
DirectMap4k:      108268 kB
DirectMap2M:     3958784 kB
DirectMap1G:     9437184 kB


CPU:total 4 (2 cores per cpu, 2 threads per core) family 6 model 60 stepping 3, cmov, cx8, fxsr, mmx, sse, sse2, sse3, ssse3, sse4.1, sse4.2, popcnt, avx, avx2, aes, clmul, erms, lzcnt, ht, tsc, tscinvbit, bmi1, bmi2

/proc/cpuinfo:
processor	: 0
vendor_id	: GenuineIntel
cpu family	: 6
model		: 60
model name	: Intel(R) Core(TM) i3-4150 CPU @ 3.50GHz
stepping	: 3
microcode	: 0x12
cpu MHz		: 3500.000
cache size	: 3072 KB
physical id	: 0
siblings	: 4
core id		: 0
cpu cores	: 2
apicid		: 0
initial apicid	: 0
fpu		: yes
fpu_exception	: yes
cpuid level	: 13
wp		: yes
flags		: fpu vme de pse tsc msr pae mce cx8 apic sep mtrr pge mca cmov pat pse36 clflush dts acpi mmx fxsr sse sse2 ss ht tm pbe syscall nx pdpe1gb rdtscp lm constant_tsc arch_perfmon pebs bts rep_good nopl xtopology nonstop_tsc aperfmperf eagerfpu pni pclmulqdq dtes64 monitor ds_cpl vmx est tm2 ssse3 sdbg fma cx16 xtpr pdcm pcid sse4_1 sse4_2 movbe popcnt tsc_deadline_timer aes xsave avx f16c rdrand lahf_lm abm tpr_shadow vnmi flexpriority ept vpid fsgsbase tsc_adjust bmi1 avx2 smep bmi2 erms invpcid xsaveopt dtherm arat pln pts
bugs		:
bogomips	: 6984.16
clflush size	: 64
cache_alignment	: 64
address sizes	: 39 bits physical, 48 bits virtual
power management:

processor	: 1
vendor_id	: GenuineIntel
cpu family	: 6
model		: 60
model name	: Intel(R) Core(TM) i3-4150 CPU @ 3.50GHz
stepping	: 3
microcode	: 0x12
cpu MHz		: 3500.000
cache size	: 3072 KB
physical id	: 0
siblings	: 4
core id		: 1
cpu cores	: 2
apicid		: 2
initial apicid	: 2
fpu		: yes
fpu_exception	: yes
cpuid level	: 13
wp		: yes
flags		: fpu vme de pse tsc msr pae mce cx8 apic sep mtrr pge mca cmov pat pse36 clflush dts acpi mmx fxsr sse sse2 ss ht tm pbe syscall nx pdpe1gb rdtscp lm constant_tsc arch_perfmon pebs bts rep_good nopl xtopology nonstop_tsc aperfmperf eagerfpu pni pclmulqdq dtes64 monitor ds_cpl vmx est tm2 ssse3 sdbg fma cx16 xtpr pdcm pcid sse4_1 sse4_2 movbe popcnt tsc_deadline_timer aes xsave avx f16c rdrand lahf_lm abm tpr_shadow vnmi flexpriority ept vpid fsgsbase tsc_adjust bmi1 avx2 smep bmi2 erms invpcid xsaveopt dtherm arat pln pts
bugs		:
bogomips	: 6984.16
clflush size	: 64
cache_alignment	: 64
address sizes	: 39 bits physical, 48 bits virtual
power management:

processor	: 2
vendor_id	: GenuineIntel
cpu family	: 6
model		: 60
model name	: Intel(R) Core(TM) i3-4150 CPU @ 3.50GHz
stepping	: 3
microcode	: 0x12
cpu MHz		: 3500.000
cache size	: 3072 KB
physical id	: 0
siblings	: 4
core id		: 0
cpu cores	: 2
apicid		: 1
initial apicid	: 1
fpu		: yes
fpu_exception	: yes
cpuid level	: 13
wp		: yes
flags		: fpu vme de pse tsc msr pae mce cx8 apic sep mtrr pge mca cmov pat pse36 clflush dts acpi mmx fxsr sse sse2 ss ht tm pbe syscall nx pdpe1gb rdtscp lm constant_tsc arch_perfmon pebs bts rep_good nopl xtopology nonstop_tsc aperfmperf eagerfpu pni pclmulqdq dtes64 monitor ds_cpl vmx est tm2 ssse3 sdbg fma cx16 xtpr pdcm pcid sse4_1 sse4_2 movbe popcnt tsc_deadline_timer aes xsave avx f16c rdrand lahf_lm abm tpr_shadow vnmi flexpriority ept vpid fsgsbase tsc_adjust bmi1 avx2 smep bmi2 erms invpcid xsaveopt dtherm arat pln pts
bugs		:
bogomips	: 6984.16
clflush size	: 64
cache_alignment	: 64
address sizes	: 39 bits physical, 48 bits virtual
power management:

processor	: 3
vendor_id	: GenuineIntel
cpu family	: 6
model		: 60
model name	: Intel(R) Core(TM) i3-4150 CPU @ 3.50GHz
stepping	: 3
microcode	: 0x12
cpu MHz		: 3500.000
cache size	: 3072 KB
physical id	: 0
siblings	: 4
core id		: 1
cpu cores	: 2
apicid		: 3
initial apicid	: 3
fpu		: yes
fpu_exception	: yes
cpuid level	: 13
wp		: yes
flags		: fpu vme de pse tsc msr pae mce cx8 apic sep mtrr pge mca cmov pat pse36 clflush dts acpi mmx fxsr sse sse2 ss ht tm pbe syscall nx pdpe1gb rdtscp lm constant_tsc arch_perfmon pebs bts rep_good nopl xtopology nonstop_tsc aperfmperf eagerfpu pni pclmulqdq dtes64 monitor ds_cpl vmx est tm2 ssse3 sdbg fma cx16 xtpr pdcm pcid sse4_1 sse4_2 movbe popcnt tsc_deadline_timer aes xsave avx f16c rdrand lahf_lm abm tpr_shadow vnmi flexpriority ept vpid fsgsbase tsc_adjust bmi1 avx2 smep bmi2 erms invpcid xsaveopt dtherm arat pln pts
bugs		:
bogomips	: 6984.16
clflush size	: 64
cache_alignment	: 64
address sizes	: 39 bits physical, 48 bits virtual
power management:



Memory: 4k page, physical 12176732k(5105680k free), swap 19530748k(19530748k free)

vm_info: OpenJDK 64-Bit Server VM (25.76-b03) for linux-amd64 JRE (1.8.0_76-release-b03), built on Jun 29 2016 09:39:19 by "builder" with gcc 4.8.4

time: Tue Oct 31 13:48:59 2017
elapsed time: 0 seconds (0d 0h 0m 0s)

