#
# A fatal error has been detected by the Java Runtime Environment:
#
#  SIGSEGV (0xb) at pc=0x0000003400000034, pid=3789, tid=0x00007f5bf96f1700
#
# JRE version:  (8.0_76-b03) (build )
# Java VM: OpenJDK 64-Bit Server VM (25.76-b03 mixed mode linux-amd64 compressed oops)
# Problematic frame:
# C  0x0000003400000034
#
# Failed to write core dump. Core dumps have been disabled. To enable core dumping, try "ulimit -c unlimited" before starting Java again
#
# If you would like to submit a bug report, please visit:
#   http://bugreport.java.com/bugreport/crash.jsp
#

---------------  T H R E A D  ---------------

Current thread (0x00007f5bf0009800):  JavaThread "Unknown thread" [_thread_in_vm, id=3791, stack(0x00007f5bf95f1000,0x00007f5bf96f2000)]

siginfo: si_signo: 11 (SIGSEGV), si_code: 1 (SEGV_MAPERR), si_addr: 0x0000003400000034

Registers:
RAX=0x00007f5bf0007090, RBX=0x00007f5bf802a76f, RCX=0x0000000000000002, RDX=0x0000000000000003
RSP=0x00007f5bf96ef920, RBP=0x00007f5bf0009800, RSI=0x00007f5bf0007030, RDI=0xfffffffffffffff8
R8 =0xfffffffffffffff8, R9 =0x0000000000000003, R10=0x0000000000000002, R11=0x0000000000000010
R12=0x0000000000000601, R13=0x00007f5bf953e130, R14=0x00000007c0000ea8, R15=0x00007f5b00000000
RIP=0x0000003400000034, EFLAGS=0x0000000000010206, CSGSFS=0xffff000000000033, ERR=0x0000000000000014
  TRAPNO=0x000000000000000e

Top of Stack: (sp=0x00007f5bf96ef920)
0x00007f5bf96ef920:   00007f5bf96efa40 0000000000000008
0x00007f5bf96ef930:   0000000000000000 00007f5bf96efb00
0x00007f5bf96ef940:   00007f5b00000034 00007f5b00000000
0x00007f5bf96ef950:   00007f5bf96efa80 0000060100000034
0x00007f5bf96ef960:   00007f5bf4924130 00007f5b00000000
0x00007f5bf96ef970:   00000007c0000ea8 0000000000000000
0x00007f5bf96ef980:   0000000000010960 00007f5bf96efb40
0x00007f5bf96ef990:   00007f5bf96efa50 00007f5bf0014228
0x00007f5bf96ef9a0:   00007f5bf000c570 0000003400000001
0x00007f5bf96ef9b0:   0000000000000000 00007f5b00000000
0x00007f5bf96ef9c0:   00000007c0001a48 00007f5bf000c240
0x00007f5bf96ef9d0:   00007f5bf96efa01 00007f5bf686e879
0x00007f5bf96ef9e0:   00007f5bf000c300 0000002a00000018
0x00007f5bf96ef9f0:   00007f5bf96efa00 00007f5bf0048220
0x00007f5bf96efa00:   00007f5bf96e0000 00007f5bf96efa60
0x00007f5bf96efa10:   00007f5b00000000 1d4603072103a600
0x00007f5bf96efa20:   00007f5b00000005 00000007f84d4089
0x00007f5bf96efa30:   0000000000000000 00007f5bf0048220
0x00007f5bf96efa40:   0000000000000002 00007f5bf0009800
0x00007f5bf96efa50:   00007f5bf49234d0 00007f5bf0009800
0x00007f5bf96efa60:   0000000000000000 0000000000000000
0x00007f5bf96efa70:   0000000000000000 0000000000000000
0x00007f5bf96efa80:   0000001400000007 0000000000000000
0x00007f5bf96efa90:   6e616c2f00000007 00007f5bf000c570
0x00007f5bf96efaa0:   00007f5bf000c6b0 00007f5bf000c6c0
0x00007f5bf96efab0:   0000000000000000 0000000000000002
0x00007f5bf96efac0:   00007f0000000000 00007f5bf953e130
0x00007f5bf96efad0:   00007f5bf96efbc0 00007f5bf81321cd
0x00007f5bf96efae0:   0000000000000000 0000003000000018
0x00007f5bf96efaf0:   00007f5bf96efbd0 00007f5bf96efb00
0x00007f5bf96efb00:   00007f5bf0009800 00007f5bf00070d0
0x00007f5bf96efb10:   00007f5bf0007110 00007f5bf0007140 

Instructions: (pc=0x0000003400000034)
0x0000003400000014:   
[error occurred during error reporting (printing registers, top of stack, instructions near pc), id 0xb]

Stack: [0x00007f5bf95f1000,0x00007f5bf96f2000],  sp=0x00007f5bf96ef920,  free space=1018k
Native frames: (J=compiled Java code, j=interpreted, Vv=VM code, C=native code)
C  0x0000003400000034


---------------  P R O C E S S  ---------------

Java Threads: ( => current thread )

Other Threads:

=>0x00007f5bf0009800 (exited) JavaThread "Unknown thread" [_thread_in_vm, id=3791, stack(0x00007f5bf95f1000,0x00007f5bf96f2000)]

VM state:not at safepoint (not fully initialized)

VM Mutex/Monitor currently owned by a thread: None

GC Heap History (0 events):
No events

Deoptimization events (0 events):
No events

Internal exceptions (0 events):
No events

Events (10 events):
Event: 0.006 loading class java/io/Serializable done
Event: 0.006 loading class java/lang/Comparable
Event: 0.006 loading class java/lang/Comparable done
Event: 0.006 loading class java/lang/CharSequence
Event: 0.006 loading class java/lang/CharSequence done
Event: 0.006 loading class java/lang/String done
Event: 0.006 loading class java/lang/Class
Event: 0.006 loading class java/lang/reflect/GenericDeclaration
Event: 0.006 loading class java/lang/reflect/AnnotatedElement
Event: 0.006 loading class java/lang/reflect/AnnotatedElement done


Dynamic libraries:
00400000-00401000 r-xp 00000000 08:03 8921198                            /home/pratibha/studio2/android-studio/jre/bin/java
00600000-00601000 r--p 00000000 08:03 8921198                            /home/pratibha/studio2/android-studio/jre/bin/java
00601000-00602000 rw-p 00001000 08:03 8921198                            /home/pratibha/studio2/android-studio/jre/bin/java
01de2000-01e03000 rw-p 00000000 00:00 0                                  [heap]
706200000-70de00000 rw-p 00000000 00:00 0 
70de00000-782100000 ---p 00000000 00:00 0 
782100000-785f00000 rw-p 00000000 00:00 0 
785f00000-7c0000000 ---p 00000000 00:00 0 
7c0000000-7c0060000 rw-p 00000000 00:00 0 
7c0060000-800000000 ---p 00000000 00:00 0 
7f5bc6310000-7f5bcc000000 rw-p 00000000 00:00 0 
7f5bcc000000-7f5bcc021000 rw-p 00000000 00:00 0 
7f5bcc021000-7f5bd0000000 ---p 00000000 00:00 0 
7f5bd0000000-7f5bd0021000 rw-p 00000000 00:00 0 
7f5bd0021000-7f5bd4000000 ---p 00000000 00:00 0 
7f5bd4000000-7f5bd4021000 rw-p 00000000 00:00 0 
7f5bd4021000-7f5bd8000000 ---p 00000000 00:00 0 
7f5bdc000000-7f5bdc021000 rw-p 00000000 00:00 0 
7f5bdc021000-7f5be0000000 ---p 00000000 00:00 0 
7f5be1000000-7f5be1270000 rwxp 00000000 00:00 0 
7f5be1270000-7f5bf0000000 ---p 00000000 00:00 0 
7f5bf0000000-7f5bf005a000 rw-p 00000000 00:00 0 
7f5bf005a000-7f5bf4000000 ---p 00000000 00:00 0 
7f5bf4689000-7f5bf46d6000 rw-p 00000000 00:00 0 
7f5bf46d6000-7f5bf48a3000 r--s 03bec000 08:03 8921230                    /home/pratibha/studio2/android-studio/jre/jre/lib/rt.jar
7f5bf48a3000-7f5bf4d19000 rw-p 00000000 00:00 0 
7f5bf4d19000-7f5bf5119000 ---p 00000000 00:00 0 
7f5bf5119000-7f5bf56e8000 rw-p 00000000 00:00 0 
7f5bf56e8000-7f5bf56e9000 ---p 00000000 00:00 0 
7f5bf56e9000-7f5bf57e9000 rw-p 00000000 00:00 0 
7f5bf57e9000-7f5bf57ea000 ---p 00000000 00:00 0 
7f5bf57ea000-7f5bf58ea000 rw-p 00000000 00:00 0 
7f5bf58ea000-7f5bf58eb000 ---p 00000000 00:00 0 
7f5bf58eb000-7f5bf59eb000 rw-p 00000000 00:00 0 
7f5bf59eb000-7f5bf59ec000 ---p 00000000 00:00 0 
7f5bf59ec000-7f5bf5b2a000 rw-p 00000000 00:00 0 
7f5bf5b2a000-7f5bf5ecc000 ---p 00000000 00:00 0 
7f5bf5ecc000-7f5bf5f0a000 rw-p 00000000 00:00 0 
7f5bf5f0a000-7f5bf62ab000 ---p 00000000 00:00 0 
7f5bf62ab000-7f5bf62cb000 rw-p 00000000 00:00 0 
7f5bf62cb000-7f5bf649b000 ---p 00000000 00:00 0 
7f5bf649b000-7f5bf64a6000 rw-p 00000000 00:00 0 
7f5bf64a6000-7f5bf685c000 ---p 00000000 00:00 0 
7f5bf685c000-7f5bf6876000 r-xp 00000000 08:03 8921290                    /home/pratibha/studio2/android-studio/jre/jre/lib/amd64/libzip.so
7f5bf6876000-7f5bf6a76000 ---p 0001a000 08:03 8921290                    /home/pratibha/studio2/android-studio/jre/jre/lib/amd64/libzip.so
7f5bf6a76000-7f5bf6a77000 r--p 0001a000 08:03 8921290                    /home/pratibha/studio2/android-studio/jre/jre/lib/amd64/libzip.so
7f5bf6a77000-7f5bf6a78000 rw-p 0001b000 08:03 8921290                    /home/pratibha/studio2/android-studio/jre/jre/lib/amd64/libzip.so
7f5bf6a78000-7f5bf6a82000 r-xp 00000000 08:03 4470489                    /lib/x86_64-linux-gnu/libnss_files-2.19.so
7f5bf6a82000-7f5bf6c81000 ---p 0000a000 08:03 4470489                    /lib/x86_64-linux-gnu/libnss_files-2.19.so
7f5bf6c81000-7f5bf6c82000 r--p 00009000 08:03 4470489                    /lib/x86_64-linux-gnu/libnss_files-2.19.so
7f5bf6c82000-7f5bf6c83000 rw-p 0000a000 08:03 4470489                    /lib/x86_64-linux-gnu/libnss_files-2.19.so
7f5bf6c83000-7f5bf6c8e000 r-xp 00000000 08:03 4470504                    /lib/x86_64-linux-gnu/libnss_nis-2.19.so
7f5bf6c8e000-7f5bf6e8d000 ---p 0000b000 08:03 4470504                    /lib/x86_64-linux-gnu/libnss_nis-2.19.so
7f5bf6e8d000-7f5bf6e8e000 r--p 0000a000 08:03 4470504                    /lib/x86_64-linux-gnu/libnss_nis-2.19.so
7f5bf6e8e000-7f5bf6e8f000 rw-p 0000b000 08:03 4470504                    /lib/x86_64-linux-gnu/libnss_nis-2.19.so
7f5bf6e8f000-7f5bf6ea6000 r-xp 00000000 08:03 4460458                    /lib/x86_64-linux-gnu/libnsl-2.19.so
7f5bf6ea6000-7f5bf70a5000 ---p 00017000 08:03 4460458                    /lib/x86_64-linux-gnu/libnsl-2.19.so
7f5bf70a5000-7f5bf70a6000 r--p 00016000 08:03 4460458                    /lib/x86_64-linux-gnu/libnsl-2.19.so
7f5bf70a6000-7f5bf70a7000 rw-p 00017000 08:03 4460458                    /lib/x86_64-linux-gnu/libnsl-2.19.so
7f5bf70a7000-7f5bf70a9000 rw-p 00000000 00:00 0 
7f5bf70a9000-7f5bf70b2000 r-xp 00000000 08:03 4470502                    /lib/x86_64-linux-gnu/libnss_compat-2.19.so
7f5bf70b2000-7f5bf72b1000 ---p 00009000 08:03 4470502                    /lib/x86_64-linux-gnu/libnss_compat-2.19.so
7f5bf72b1000-7f5bf72b2000 r--p 00008000 08:03 4470502                    /lib/x86_64-linux-gnu/libnss_compat-2.19.so
7f5bf72b2000-7f5bf72b3000 rw-p 00009000 08:03 4470502                    /lib/x86_64-linux-gnu/libnss_compat-2.19.so
7f5bf72b3000-7f5bf72e0000 r-xp 00000000 08:03 8921300                    /home/pratibha/studio2/android-studio/jre/jre/lib/amd64/libjava.so
7f5bf72e0000-7f5bf74df000 ---p 0002d000 08:03 8921300                    /home/pratibha/studio2/android-studio/jre/jre/lib/amd64/libjava.so
7f5bf74df000-7f5bf74e0000 r--p 0002c000 08:03 8921300                    /home/pratibha/studio2/android-studio/jre/jre/lib/amd64/libjava.so
7f5bf74e0000-7f5bf74e2000 rw-p 0002d000 08:03 8921300                    /home/pratibha/studio2/android-studio/jre/jre/lib/amd64/libjava.so
7f5bf74e2000-7f5bf74f2000 r-xp 00000000 08:03 8921316                    /home/pratibha/studio2/android-studio/jre/jre/lib/amd64/libverify.so
7f5bf74f2000-7f5bf76f1000 ---p 00010000 08:03 8921316                    /home/pratibha/studio2/android-studio/jre/jre/lib/amd64/libverify.so
7f5bf76f1000-7f5bf76f3000 r--p 0000f000 08:03 8921316                    /home/pratibha/studio2/android-studio/jre/jre/lib/amd64/libverify.so
7f5bf76f3000-7f5bf76f4000 rw-p 00011000 08:03 8921316                    /home/pratibha/studio2/android-studio/jre/jre/lib/amd64/libverify.so
7f5bf76f4000-7f5bf76fb000 r-xp 00000000 08:03 4470497                    /lib/x86_64-linux-gnu/librt-2.19.so
7f5bf76fb000-7f5bf78fa000 ---p 00007000 08:03 4470497                    /lib/x86_64-linux-gnu/librt-2.19.so
7f5bf78fa000-7f5bf78fb000 r--p 00006000 08:03 4470497                    /lib/x86_64-linux-gnu/librt-2.19.so
7f5bf78fb000-7f5bf78fc000 rw-p 00007000 08:03 4470497                    /lib/x86_64-linux-gnu/librt-2.19.so
7f5bf78fc000-7f5bf7a01000 r-xp 00000000 08:03 4470491                    /lib/x86_64-linux-gnu/libm-2.19.so
7f5bf7a01000-7f5bf7c00000 ---p 00105000 08:03 4470491                    /lib/x86_64-linux-gnu/libm-2.19.so
7f5bf7c00000-7f5bf7c01000 r--p 00104000 08:03 4470491                    /lib/x86_64-linux-gnu/libm-2.19.so
7f5bf7c01000-7f5bf7c02000 rw-p 00105000 08:03 4470491                    /lib/x86_64-linux-gnu/libm-2.19.so
7f5bf7c02000-7f5bf87e8000 r-xp 00000000 08:03 8921321                    /home/pratibha/studio2/android-studio/jre/jre/lib/amd64/server/libjvm.so
7f5bf87e8000-7f5bf89e8000 ---p 00be6000 08:03 8921321                    /home/pratibha/studio2/android-studio/jre/jre/lib/amd64/server/libjvm.so
7f5bf89e8000-7f5bf8a87000 r--p 00be6000 08:03 8921321                    /home/pratibha/studio2/android-studio/jre/jre/lib/amd64/server/libjvm.so
7f5bf8a87000-7f5bf8ab0000 rw-p 00c85000 08:03 8921321                    /home/pratibha/studio2/android-studio/jre/jre/lib/amd64/server/libjvm.so
7f5bf8ab0000-7f5bf8af2000 rw-p 00000000 00:00 0 
7f5bf8af2000-7f5bf8b0b000 r-xp 00000000 08:03 4470493                    /lib/x86_64-linux-gnu/libpthread-2.19.so
7f5bf8b0b000-7f5bf8d0a000 ---p 00019000 08:03 4470493                    /lib/x86_64-linux-gnu/libpthread-2.19.so
7f5bf8d0a000-7f5bf8d0b000 r--p 00018000 08:03 4470493                    /lib/x86_64-linux-gnu/libpthread-2.19.so
7f5bf8d0b000-7f5bf8d0c000 rw-p 00019000 08:03 4470493                    /lib/x86_64-linux-gnu/libpthread-2.19.so
7f5bf8d0c000-7f5bf8d10000 rw-p 00000000 00:00 0 
7f5bf8d10000-7f5bf8d13000 r-xp 00000000 08:03 4470496                    /lib/x86_64-linux-gnu/libdl-2.19.so
7f5bf8d13000-7f5bf8f12000 ---p 00003000 08:03 4470496                    /lib/x86_64-linux-gnu/libdl-2.19.so
7f5bf8f12000-7f5bf8f13000 r--p 00002000 08:03 4470496                    /lib/x86_64-linux-gnu/libdl-2.19.so
7f5bf8f13000-7f5bf8f14000 rw-p 00003000 08:03 4470496                    /lib/x86_64-linux-gnu/libdl-2.19.so
7f5bf8f14000-7f5bf90d2000 r-xp 00000000 08:03 4470492                    /lib/x86_64-linux-gnu/libc-2.19.so
7f5bf90d2000-7f5bf92d2000 ---p 001be000 08:03 4470492                    /lib/x86_64-linux-gnu/libc-2.19.so
7f5bf92d2000-7f5bf92d6000 r--p 001be000 08:03 4470492                    /lib/x86_64-linux-gnu/libc-2.19.so
7f5bf92d6000-7f5bf92d8000 rw-p 001c2000 08:03 4470492                    /lib/x86_64-linux-gnu/libc-2.19.so
7f5bf92d8000-7f5bf92dd000 rw-p 00000000 00:00 0 
7f5bf92dd000-7f5bf92f3000 r-xp 00000000 08:03 8921174                    /home/pratibha/studio2/android-studio/jre/lib/amd64/jli/libjli.so
7f5bf92f3000-7f5bf94f2000 ---p 00016000 08:03 8921174                    /home/pratibha/studio2/android-studio/jre/lib/amd64/jli/libjli.so
7f5bf94f2000-7f5bf94f3000 r--p 00015000 08:03 8921174                    /home/pratibha/studio2/android-studio/jre/lib/amd64/jli/libjli.so
7f5bf94f3000-7f5bf94f4000 rw-p 00016000 08:03 8921174                    /home/pratibha/studio2/android-studio/jre/lib/amd64/jli/libjli.so
7f5bf94f4000-7f5bf9517000 r-xp 00000000 08:03 4470500                    /lib/x86_64-linux-gnu/ld-2.19.so
7f5bf9533000-7f5bf95f1000 rw-p 00000000 00:00 0 
7f5bf95f1000-7f5bf95f4000 ---p 00000000 00:00 0 
7f5bf95f4000-7f5bf96f6000 rw-p 00000000 00:00 0 
7f5bf970a000-7f5bf9712000 rw-s 00000000 08:03 1049040                    /tmp/hsperfdata_pratibha/3789
7f5bf9712000-7f5bf9713000 rw-p 00000000 00:00 0 
7f5bf9713000-7f5bf9714000 r--p 00000000 00:00 0 
7f5bf9714000-7f5bf9716000 rw-p 00000000 00:00 0 
7f5bf9716000-7f5bf9717000 r--p 00022000 08:03 4470500                    /lib/x86_64-linux-gnu/ld-2.19.so
7f5bf9717000-7f5bf9718000 rw-p 00023000 08:03 4470500                    /lib/x86_64-linux-gnu/ld-2.19.so
7f5bf9718000-7f5bf9719000 rw-p 00000000 00:00 0 
7ffd97def000-7ffd97e10000 rw-p 00000000 00:00 0                          [stack]
7ffd97f41000-7ffd97f43000 r--p 00000000 00:00 0                          [vvar]
7ffd97f43000-7ffd97f45000 r-xp 00000000 00:00 0                          [vdso]
ffffffffff600000-ffffffffff601000 r-xp 00000000 00:00 0                  [vsyscall]

VM Arguments:
java_command: <unknown>
java_class_path (initial): .
Launcher Type: SUN_STANDARD

Environment Variables:
JAVA_HOME=/usr/lib/jvm/java-8-oracle
PATH=/home/pratibha/bin:/usr/local/sbin:/usr/local/bin:/usr/sbin:/usr/bin:/sbin:/bin:/usr/games:/usr/local/games:/usr/lib/jvm/java-8-oracle/bin:/usr/lib/jvm/java-8-oracle/db/bin:/usr/lib/jvm/java-8-oracle/jre/bin
LD_LIBRARY_PATH=.:
SHELL=/bin/bash
DISPLAY=:0

Signal Handlers:
SIGSEGV: [libjvm.so+0x9daac0], sa_mask[0]=11111111011111111101111111111110, sa_flags=SA_RESTART|SA_SIGINFO
SIGBUS: [libjvm.so+0x9daac0], sa_mask[0]=11111111011111111101111111111110, sa_flags=SA_RESTART|SA_SIGINFO
SIGFPE: [libjvm.so+0x840d90], sa_mask[0]=11111111011111111101111111111110, sa_flags=SA_RESTART|SA_SIGINFO
SIGPIPE: [libjvm.so+0x840d90], sa_mask[0]=11111111011111111101111111111110, sa_flags=SA_RESTART|SA_SIGINFO
SIGXFSZ: [libjvm.so+0x840d90], sa_mask[0]=11111111011111111101111111111110, sa_flags=SA_RESTART|SA_SIGINFO
SIGILL: [libjvm.so+0x840d90], sa_mask[0]=11111111011111111101111111111110, sa_flags=SA_RESTART|SA_SIGINFO
SIGUSR1: SIG_DFL, sa_mask[0]=00000000000000000000000000000000, sa_flags=none
SIGUSR2: [libjvm.so+0x840c60], sa_mask[0]=00100000000000000000000000000000, sa_flags=SA_RESTART|SA_SIGINFO
SIGHUP: SIG_DFL, sa_mask[0]=00000000000000000000000000000000, sa_flags=none
SIGINT: SIG_DFL, sa_mask[0]=00000000000000000000000000000000, sa_flags=none
SIGTERM: SIG_DFL, sa_mask[0]=00000000000000000000000000000000, sa_flags=none
SIGQUIT: SIG_DFL, sa_mask[0]=00000000000000000000000000000000, sa_flags=none


---------------  S Y S T E M  ---------------

OS:DISTRIB_ID=Ubuntu
DISTRIB_RELEASE=14.04
DISTRIB_CODENAME=trusty
DISTRIB_DESCRIPTION="Ubuntu 14.04.5 LTS"

uname:Linux 4.4.0-98-generic #121~14.04.1-Ubuntu SMP Wed Oct 11 11:54:55 UTC 2017 x86_64
libc:glibc 2.19 NPTL 2.19 
rlimit: STACK 8192k, CORE 0k, NPROC 47465, NOFILE 4096, AS infinity
load average:10.54 5.71 2.32

/proc/meminfo:
MemTotal:       12176732 kB
MemFree:         8215848 kB
MemAvailable:    9549276 kB
Buffers:          156004 kB
Cached:          1681916 kB
SwapCached:            0 kB
Active:          2604532 kB
Inactive:        1094476 kB
Active(anon):    1864048 kB
Inactive(anon):   321592 kB
Active(file):     740484 kB
Inactive(file):   772884 kB
Unevictable:         256 kB
Mlocked:             256 kB
SwapTotal:      19530748 kB
SwapFree:       19530748 kB
Dirty:               600 kB
Writeback:             0 kB
AnonPages:       1862064 kB
Mapped:           484420 kB
Shmem:            324244 kB
Slab:             144064 kB
SReclaimable:     111328 kB
SUnreclaim:        32736 kB
KernelStack:        9216 kB
PageTables:        34292 kB
NFS_Unstable:          0 kB
Bounce:                0 kB
WritebackTmp:          0 kB
CommitLimit:    25619112 kB
Committed_AS:    7457188 kB
VmallocTotal:   34359738367 kB
VmallocUsed:           0 kB
VmallocChunk:          0 kB
HardwareCorrupted:     0 kB
AnonHugePages:    698368 kB
CmaTotal:              0 kB
CmaFree:               0 kB
HugePages_Total:       0
HugePages_Free:        0
HugePages_Rsvd:        0
HugePages_Surp:        0
Hugepagesize:       2048 kB
DirectMap4k:      108268 kB
DirectMap2M:     3958784 kB
DirectMap1G:     9437184 kB


CPU:total 4 (2 cores per cpu, 2 threads per core) family 6 model 60 stepping 3, cmov, cx8, fxsr, mmx, sse, sse2, sse3, ssse3, sse4.1, sse4.2, popcnt, avx, avx2, aes, clmul, erms, lzcnt, ht, tsc, tscinvbit, bmi1, bmi2

/proc/cpuinfo:
processor	: 0
vendor_id	: GenuineIntel
cpu family	: 6
model		: 60
model name	: Intel(R) Core(TM) i3-4150 CPU @ 3.50GHz
stepping	: 3
microcode	: 0x12
cpu MHz		: 3500.000
cache size	: 3072 KB
physical id	: 0
siblings	: 4
core id		: 0
cpu cores	: 2
apicid		: 0
initial apicid	: 0
fpu		: yes
fpu_exception	: yes
cpuid level	: 13
wp		: yes
flags		: fpu vme de pse tsc msr pae mce cx8 apic sep mtrr pge mca cmov pat pse36 clflush dts acpi mmx fxsr sse sse2 ss ht tm pbe syscall nx pdpe1gb rdtscp lm constant_tsc arch_perfmon pebs bts rep_good nopl xtopology nonstop_tsc aperfmperf eagerfpu pni pclmulqdq dtes64 monitor ds_cpl vmx est tm2 ssse3 sdbg fma cx16 xtpr pdcm pcid sse4_1 sse4_2 movbe popcnt tsc_deadline_timer aes xsave avx f16c rdrand lahf_lm abm tpr_shadow vnmi flexpriority ept vpid fsgsbase tsc_adjust bmi1 avx2 smep bmi2 erms invpcid xsaveopt dtherm arat pln pts
bugs		:
bogomips	: 6984.16
clflush size	: 64
cache_alignment	: 64
address sizes	: 39 bits physical, 48 bits virtual
power management:

processor	: 1
vendor_id	: GenuineIntel
cpu family	: 6
model		: 60
model name	: Intel(R) Core(TM) i3-4150 CPU @ 3.50GHz
stepping	: 3
microcode	: 0x12
cpu MHz		: 3499.863
cache size	: 3072 KB
physical id	: 0
siblings	: 4
core id		: 1
cpu cores	: 2
apicid		: 2
initial apicid	: 2
fpu		: yes
fpu_exception	: yes
cpuid level	: 13
wp		: yes
flags		: fpu vme de pse tsc msr pae mce cx8 apic sep mtrr pge mca cmov pat pse36 clflush dts acpi mmx fxsr sse sse2 ss ht tm pbe syscall nx pdpe1gb rdtscp lm constant_tsc arch_perfmon pebs bts rep_good nopl xtopology nonstop_tsc aperfmperf eagerfpu pni pclmulqdq dtes64 monitor ds_cpl vmx est tm2 ssse3 sdbg fma cx16 xtpr pdcm pcid sse4_1 sse4_2 movbe popcnt tsc_deadline_timer aes xsave avx f16c rdrand lahf_lm abm tpr_shadow vnmi flexpriority ept vpid fsgsbase tsc_adjust bmi1 avx2 smep bmi2 erms invpcid xsaveopt dtherm arat pln pts
bugs		:
bogomips	: 6984.16
clflush size	: 64
cache_alignment	: 64
address sizes	: 39 bits physical, 48 bits virtual
power management:

processor	: 2
vendor_id	: GenuineIntel
cpu family	: 6
model		: 60
model name	: Intel(R) Core(TM) i3-4150 CPU @ 3.50GHz
stepping	: 3
microcode	: 0x12
cpu MHz		: 3500.000
cache size	: 3072 KB
physical id	: 0
siblings	: 4
core id		: 0
cpu cores	: 2
apicid		: 1
initial apicid	: 1
fpu		: yes
fpu_exception	: yes
cpuid level	: 13
wp		: yes
flags		: fpu vme de pse tsc msr pae mce cx8 apic sep mtrr pge mca cmov pat pse36 clflush dts acpi mmx fxsr sse sse2 ss ht tm pbe syscall nx pdpe1gb rdtscp lm constant_tsc arch_perfmon pebs bts rep_good nopl xtopology nonstop_tsc aperfmperf eagerfpu pni pclmulqdq dtes64 monitor ds_cpl vmx est tm2 ssse3 sdbg fma cx16 xtpr pdcm pcid sse4_1 sse4_2 movbe popcnt tsc_deadline_timer aes xsave avx f16c rdrand lahf_lm abm tpr_shadow vnmi flexpriority ept vpid fsgsbase tsc_adjust bmi1 avx2 smep bmi2 erms invpcid xsaveopt dtherm arat pln pts
bugs		:
bogomips	: 6984.16
clflush size	: 64
cache_alignment	: 64
address sizes	: 39 bits physical, 48 bits virtual
power management:

processor	: 3
vendor_id	: GenuineIntel
cpu family	: 6
model		: 60
model name	: Intel(R) Core(TM) i3-4150 CPU @ 3.50GHz
stepping	: 3
microcode	: 0x12
cpu MHz		: 3499.863
cache size	: 3072 KB
physical id	: 0
siblings	: 4
core id		: 1
cpu cores	: 2
apicid		: 3
initial apicid	: 3
fpu		: yes
fpu_exception	: yes
cpuid level	: 13
wp		: yes
flags		: fpu vme de pse tsc msr pae mce cx8 apic sep mtrr pge mca cmov pat pse36 clflush dts acpi mmx fxsr sse sse2 ss ht tm pbe syscall nx pdpe1gb rdtscp lm constant_tsc arch_perfmon pebs bts rep_good nopl xtopology nonstop_tsc aperfmperf eagerfpu pni pclmulqdq dtes64 monitor ds_cpl vmx est tm2 ssse3 sdbg fma cx16 xtpr pdcm pcid sse4_1 sse4_2 movbe popcnt tsc_deadline_timer aes xsave avx f16c rdrand lahf_lm abm tpr_shadow vnmi flexpriority ept vpid fsgsbase tsc_adjust bmi1 avx2 smep bmi2 erms invpcid xsaveopt dtherm arat pln pts
bugs		:
bogomips	: 6984.16
clflush size	: 64
cache_alignment	: 64
address sizes	: 39 bits physical, 48 bits virtual
power management:



Memory: 4k page, physical 12176732k(8215848k free), swap 19530748k(19530748k free)

vm_info: OpenJDK 64-Bit Server VM (25.76-b03) for linux-amd64 JRE (1.8.0_76-release-b03), built on Jun 29 2016 09:39:19 by "builder" with gcc 4.8.4

time: Tue Oct 31 13:47:46 2017
elapsed time: 0 seconds (0d 0h 0m 0s)

